[2019-03-26 14:29:14.386] [exthost1] [info] extension host started
[2019-03-26 14:29:14.908] [exthost1] [info] extension host started
[2019-03-26 14:29:14.954] [exthost1] [info] ExtensionService#_doActivateExtension vscode.debug-auto-launch {"startup":true,"activationEvent":"*"}
[2019-03-26 14:29:14.954] [exthost1] [info] ExtensionService#loadCommonJSModule c:\Users\dcamacho\.codemix\engine\resources\app\extensions\debug-auto-launch\out\extension
[2019-03-26 14:29:14.969] [exthost1] [info] ExtensionService#_doActivateExtension vscode.emmet {"startup":true,"activationEvent":"*"}
[2019-03-26 14:29:14.969] [exthost1] [info] ExtensionService#loadCommonJSModule c:\Users\dcamacho\.codemix\engine\resources\app\extensions\emmet\dist\extension
[2019-03-26 14:29:15.038] [exthost1] [info] ExtensionService#_doActivateExtension vscode.merge-conflict {"startup":true,"activationEvent":"*"}
[2019-03-26 14:29:15.038] [exthost1] [info] ExtensionService#loadCommonJSModule c:\Users\dcamacho\.codemix\engine\resources\app\extensions\merge-conflict\out\extension
[2019-03-26 14:29:15.068] [exthost1] [info] ExtensionService#_doActivateExtension vscode.search-rg {"startup":true,"activationEvent":"*"}
[2019-03-26 14:29:15.068] [exthost1] [info] ExtensionService#loadCommonJSModule c:\Users\dcamacho\.codemix\engine\resources\app\extensions\search-rg\out\extension
[2019-03-26 14:29:15.089] [exthost1] [info] eager extensions activated
[2019-03-26 14:29:15.090] [exthost1] [info] ExtensionService#_doActivateExtension vscode.configuration-editing {"startup":false,"activationEvent":"onLanguage:jsonc"}
[2019-03-26 14:29:15.090] [exthost1] [info] ExtensionService#loadCommonJSModule c:\Users\dcamacho\.codemix\engine\resources\app\extensions\configuration-editing\out\extension
[2019-03-26 14:29:15.112] [exthost1] [info] ExtensionService#_doActivateExtension vscode.json-language-features {"startup":false,"activationEvent":"onLanguage:jsonc"}
[2019-03-26 14:29:15.112] [exthost1] [info] ExtensionService#loadCommonJSModule c:\Users\dcamacho\.codemix\engine\resources\app\extensions\json-language-features\client\dist\jsonMain
[2019-03-26 14:29:15.315] [exthost1] [info] ExtensionService#_doActivateExtension vscode.typescript-language-features {"startup":false,"activationEvent":"onLanguage:jsonc"}
[2019-03-26 14:29:15.315] [exthost1] [info] ExtensionService#loadCommonJSModule c:\Users\dcamacho\.codemix\engine\resources\app\extensions\typescript-language-features\dist\extension
[2019-03-26 14:29:15.473] [exthost1] [info] ExtensionService#_doActivateExtension vscode.grunt {"startup":false,"activationEvent":"onCommand:workbench.action.tasks.runTask"}
[2019-03-26 14:29:15.473] [exthost1] [info] ExtensionService#loadCommonJSModule c:\Users\dcamacho\.codemix\engine\resources\app\extensions\grunt\out\main
[2019-03-26 14:29:15.482] [exthost1] [info] ExtensionService#_doActivateExtension vscode.gulp {"startup":false,"activationEvent":"onCommand:workbench.action.tasks.runTask"}
[2019-03-26 14:29:15.482] [exthost1] [info] ExtensionService#loadCommonJSModule c:\Users\dcamacho\.codemix\engine\resources\app\extensions\gulp\out\main
[2019-03-26 14:29:15.489] [exthost1] [info] ExtensionService#_doActivateExtension vscode.jake {"startup":false,"activationEvent":"onCommand:workbench.action.tasks.runTask"}
[2019-03-26 14:29:15.489] [exthost1] [info] ExtensionService#loadCommonJSModule c:\Users\dcamacho\.codemix\engine\resources\app\extensions\jake\out\main
[2019-03-26 14:29:15.496] [exthost1] [info] ExtensionService#_doActivateExtension vscode.npm {"startup":false,"activationEvent":"onCommand:workbench.action.tasks.runTask"}
[2019-03-26 14:29:15.496] [exthost1] [info] ExtensionService#loadCommonJSModule c:\Users\dcamacho\.codemix\engine\resources\app\extensions\npm\out\main
